<?xml version="1.0" encoding="UTF-8"?>
<!-- Generated by org.testng.reporters.JUnitReportReporter -->
<testsuite hostname="QT-INNO-LT1525" failures="0" tests="2" name="tests.EcommerceTest" time="30.645" errors="0" timestamp="2022-06-01T17:23:36 IST" skipped="0">
  <testcase classname="tests.EcommerceTest" name="step02_AccountExistsError" time="7.476"/>
  <system-out/>
  <testcase classname="tests.EcommerceTest" name="step01_CreateAccountSuccess" time="23.169"/>
  <system-out/>
</testsuite> <!-- tests.EcommerceTest -->
